2020-10-09 09:31:06,605 [Worker-9: Creating project "chapter09"] INFO  o.e.m.c.i.l.LifecycleMappingFactory - Using NULL lifecycle mapping for MavenProject: com.apress.prospring5:chapter09:0.0.1-SNAPSHOT @ C:\Spring5\chapter09\pom.xml.
2020-10-09 09:31:42,622 [Worker-10: Creating project "base-dao"] INFO  o.e.m.c.i.l.LifecycleMappingFactory - Using org.eclipse.m2e.jdt.JarLifecycleMapping lifecycle mapping for MavenProject: com.apress.prospring5:base-dao:2.0.6.RELEASE @ C:\Spring5\chapter09\base-dao\pom.xml.
2020-10-09 09:31:43,065 [Worker-10: Creating project "base-dao"] INFO  o.e.m.j.i.AbstractJavaProjectConfigurator - Adding source folder /base-dao/src/main/java
2020-10-09 09:31:43,066 [Worker-10: Creating project "base-dao"] INFO  o.e.m.j.i.AbstractJavaProjectConfigurator - Adding resource folder /base-dao/src/main/resources
2020-10-09 09:31:43,072 [Worker-10: Creating project "base-dao"] INFO  o.e.m.j.i.AbstractJavaProjectConfigurator - Adding resource folder /base-dao/src/main/resources
2020-10-09 09:31:43,076 [Worker-10: Creating project "base-dao"] INFO  o.e.m.j.i.AbstractJavaProjectConfigurator - Adding source folder /base-dao/src/test/java
2020-10-09 09:31:43,077 [Worker-10: Creating project "base-dao"] INFO  o.e.m.j.i.AbstractJavaProjectConfigurator - Adding resource folder /base-dao/src/test/resources
2020-10-09 09:31:44,009 [Worker-3: Building workspace] INFO  o.e.m.c.i.embedder.EclipseLogger - Using 'UTF-8' encoding to copy filtered resources.
2020-10-09 09:31:44,013 [Worker-3: Building workspace] INFO  o.e.m.c.i.embedder.EclipseLogger - Copying 0 resource
2020-10-09 09:31:44,013 [Worker-3: Building workspace] INFO  o.e.m.c.i.embedder.EclipseLogger - Copying 0 resource
2020-10-09 09:31:44,016 [Worker-3: Building workspace] INFO  o.e.m.c.i.embedder.EclipseLogger - Using 'UTF-8' encoding to copy filtered resources.
2020-10-09 09:31:44,016 [Worker-3: Building workspace] INFO  o.e.m.c.i.embedder.EclipseLogger - Copying 0 resource
2020-10-09 09:31:45,792 [Worker-0: Building workspace] INFO  o.e.m.c.i.l.LifecycleMappingFactory - Using NULL lifecycle mapping for MavenProject: com.apress.prospring5:chapter09:0.0.1-SNAPSHOT @ C:\Spring5\chapter09\pom.xml.
2020-10-09 09:31:46,303 [Worker-0: Building workspace] INFO  o.e.m.c.i.l.LifecycleMappingFactory - Using org.eclipse.m2e.jdt.JarLifecycleMapping lifecycle mapping for MavenProject: com.apress.prospring5:base-dao:2.0.6.RELEASE @ C:\Spring5\chapter09\base-dao\pom.xml.
2020-10-09 09:31:48,032 [Worker-10: Building workspace] INFO  o.e.m.c.i.embedder.EclipseLogger - Using 'UTF-8' encoding to copy filtered resources.
2020-10-09 09:31:48,035 [Worker-10: Building workspace] INFO  o.e.m.c.i.embedder.EclipseLogger - Copying 0 resource
2020-10-09 09:31:48,036 [Worker-10: Building workspace] INFO  o.e.m.c.i.embedder.EclipseLogger - Copying 0 resource
2020-10-09 09:31:48,038 [Worker-10: Building workspace] INFO  o.e.m.c.i.embedder.EclipseLogger - Using 'UTF-8' encoding to copy filtered resources.
2020-10-09 09:31:48,038 [Worker-10: Building workspace] INFO  o.e.m.c.i.embedder.EclipseLogger - Copying 0 resource
2020-10-09 09:32:09,186 [Worker-9: Creating project "transactions-annotation"] INFO  o.e.m.c.i.l.LifecycleMappingFactory - Using org.eclipse.m2e.jdt.JarLifecycleMapping lifecycle mapping for MavenProject: com.apress.prospring5:transactions-annotation:2.0.6.RELEASE @ C:\Spring5\chapter09\transactions-annotation\pom.xml.
2020-10-09 09:32:09,534 [Worker-9: Creating project "transactions-annotation"] INFO  o.e.m.j.i.AbstractJavaProjectConfigurator - Adding source folder /transactions-annotation/src/main/java
2020-10-09 09:32:09,534 [Worker-9: Creating project "transactions-annotation"] INFO  o.e.m.j.i.AbstractJavaProjectConfigurator - Adding resource folder /transactions-annotation/src/main/resources
2020-10-09 09:32:09,540 [Worker-9: Creating project "transactions-annotation"] INFO  o.e.m.j.i.AbstractJavaProjectConfigurator - Adding resource folder /transactions-annotation/src/main/resources
2020-10-09 09:32:09,546 [Worker-9: Creating project "transactions-annotation"] INFO  o.e.m.j.i.AbstractJavaProjectConfigurator - Adding source folder /transactions-annotation/src/test/java
2020-10-09 09:32:09,547 [Worker-9: Creating project "transactions-annotation"] INFO  o.e.m.j.i.AbstractJavaProjectConfigurator - Adding resource folder /transactions-annotation/src/test/resources
2020-10-09 09:32:10,008 [Worker-12: Building workspace] INFO  o.e.m.c.i.embedder.EclipseLogger - Using 'UTF-8' encoding to copy filtered resources.
2020-10-09 09:32:10,008 [Worker-12: Building workspace] INFO  o.e.m.c.i.embedder.EclipseLogger - Copying 0 resource
2020-10-09 09:32:10,009 [Worker-12: Building workspace] INFO  o.e.m.c.i.embedder.EclipseLogger - Copying 0 resource
2020-10-09 09:32:10,010 [Worker-12: Building workspace] INFO  o.e.m.c.i.embedder.EclipseLogger - Using 'UTF-8' encoding to copy filtered resources.
2020-10-09 09:32:10,011 [Worker-12: Building workspace] INFO  o.e.m.c.i.embedder.EclipseLogger - Copying 0 resource
2020-10-09 09:32:11,353 [Worker-5: Building workspace] INFO  o.e.m.c.i.l.LifecycleMappingFactory - Using NULL lifecycle mapping for MavenProject: com.apress.prospring5:chapter09:0.0.1-SNAPSHOT @ C:\Spring5\chapter09\pom.xml.
2020-10-09 09:32:11,739 [Worker-5: Building workspace] INFO  o.e.m.c.i.l.LifecycleMappingFactory - Using org.eclipse.m2e.jdt.JarLifecycleMapping lifecycle mapping for MavenProject: com.apress.prospring5:base-dao:2.0.6.RELEASE @ C:\Spring5\chapter09\base-dao\pom.xml.
2020-10-09 09:32:11,903 [Worker-5: Building workspace] INFO  o.e.m.c.i.l.LifecycleMappingFactory - Using org.eclipse.m2e.jdt.JarLifecycleMapping lifecycle mapping for MavenProject: com.apress.prospring5:transactions-annotation:2.0.6.RELEASE @ C:\Spring5\chapter09\transactions-annotation\pom.xml.
2020-10-09 09:32:12,332 [Worker-5: Building workspace] INFO  o.e.m.c.i.embedder.EclipseLogger - Using 'UTF-8' encoding to copy filtered resources.
2020-10-09 09:32:12,335 [Worker-5: Building workspace] INFO  o.e.m.c.i.embedder.EclipseLogger - Copying 0 resource
2020-10-09 09:32:12,335 [Worker-5: Building workspace] INFO  o.e.m.c.i.embedder.EclipseLogger - Copying 0 resource
2020-10-09 09:32:12,337 [Worker-5: Building workspace] INFO  o.e.m.c.i.embedder.EclipseLogger - Using 'UTF-8' encoding to copy filtered resources.
2020-10-09 09:32:12,337 [Worker-5: Building workspace] INFO  o.e.m.c.i.embedder.EclipseLogger - Copying 0 resource
2020-10-09 09:32:13,473 [Worker-0: Building workspace] INFO  o.e.m.c.i.embedder.EclipseLogger - Using 'UTF-8' encoding to copy filtered resources.
2020-10-09 09:32:13,473 [Worker-0: Building workspace] INFO  o.e.m.c.i.embedder.EclipseLogger - Copying 0 resource
2020-10-09 09:32:13,474 [Worker-0: Building workspace] INFO  o.e.m.c.i.embedder.EclipseLogger - Copying 0 resource
2020-10-09 09:32:13,475 [Worker-0: Building workspace] INFO  o.e.m.c.i.embedder.EclipseLogger - Using 'UTF-8' encoding to copy filtered resources.
2020-10-09 09:32:13,475 [Worker-0: Building workspace] INFO  o.e.m.c.i.embedder.EclipseLogger - Copying 0 resource
2020-10-09 09:32:37,955 [Worker-19: Building workspace] INFO  o.e.m.c.i.l.LifecycleMappingFactory - Using NULL lifecycle mapping for MavenProject: com.apress.prospring5:chapter09:0.0.1-SNAPSHOT @ C:\Spring5\chapter09\pom.xml.
2020-10-09 09:32:38,347 [Worker-19: Building workspace] INFO  o.e.m.c.i.l.LifecycleMappingFactory - Using org.eclipse.m2e.jdt.JarLifecycleMapping lifecycle mapping for MavenProject: com.apress.prospring5:transactions-annotation:2.0.6.RELEASE @ C:\Spring5\chapter09\transactions-annotation\pom.xml.
2020-10-09 09:32:38,509 [Worker-19: Building workspace] INFO  o.e.m.c.i.l.LifecycleMappingFactory - Using org.eclipse.m2e.jdt.JarLifecycleMapping lifecycle mapping for MavenProject: com.apress.prospring5:base-dao:2.0.6.RELEASE @ C:\Spring5\chapter09\base-dao\pom.xml.
2020-10-09 09:32:38,899 [Worker-19: Building workspace] INFO  o.e.m.c.i.embedder.EclipseLogger - Using 'UTF-8' encoding to copy filtered resources.
2020-10-09 09:32:38,901 [Worker-19: Building workspace] INFO  o.e.m.c.i.embedder.EclipseLogger - Copying 0 resource
2020-10-09 09:32:38,902 [Worker-19: Building workspace] INFO  o.e.m.c.i.embedder.EclipseLogger - Copying 0 resource
2020-10-09 09:32:38,903 [Worker-19: Building workspace] INFO  o.e.m.c.i.embedder.EclipseLogger - Using 'UTF-8' encoding to copy filtered resources.
2020-10-09 09:32:38,904 [Worker-19: Building workspace] INFO  o.e.m.c.i.embedder.EclipseLogger - Copying 0 resource
2020-10-09 09:32:40,038 [Worker-3: Building workspace] INFO  o.e.m.c.i.embedder.EclipseLogger - Using 'UTF-8' encoding to copy filtered resources.
2020-10-09 09:32:40,038 [Worker-3: Building workspace] INFO  o.e.m.c.i.embedder.EclipseLogger - Copying 0 resource
2020-10-09 09:32:40,038 [Worker-3: Building workspace] INFO  o.e.m.c.i.embedder.EclipseLogger - Copying 0 resource
2020-10-09 09:32:40,040 [Worker-3: Building workspace] INFO  o.e.m.c.i.embedder.EclipseLogger - Using 'UTF-8' encoding to copy filtered resources.
2020-10-09 09:32:40,040 [Worker-3: Building workspace] INFO  o.e.m.c.i.embedder.EclipseLogger - Copying 0 resource
2020-10-09 09:32:52,315 [Worker-9: Building workspace] INFO  o.e.m.c.i.l.LifecycleMappingFactory - Using org.eclipse.m2e.jdt.JarLifecycleMapping lifecycle mapping for MavenProject: com.apress.prospring5:base-dao:2.0.6.RELEASE @ C:\Spring5\chapter09\base-dao\pom.xml.
2020-10-09 09:32:52,644 [Worker-9: Building workspace] INFO  o.e.m.c.i.embedder.EclipseLogger - Using 'UTF-8' encoding to copy filtered resources.
2020-10-09 09:32:52,645 [Worker-9: Building workspace] INFO  o.e.m.c.i.embedder.EclipseLogger - Copying 0 resource
2020-10-09 09:32:52,645 [Worker-9: Building workspace] INFO  o.e.m.c.i.embedder.EclipseLogger - Copying 0 resource
2020-10-09 09:32:52,647 [Worker-9: Building workspace] INFO  o.e.m.c.i.embedder.EclipseLogger - Using 'UTF-8' encoding to copy filtered resources.
2020-10-09 09:32:52,647 [Worker-9: Building workspace] INFO  o.e.m.c.i.embedder.EclipseLogger - Copying 0 resource
2020-10-09 09:32:54,350 [Worker-9: Building workspace] INFO  o.e.m.c.i.embedder.EclipseLogger - Using 'UTF-8' encoding to copy filtered resources.
2020-10-09 09:32:54,352 [Worker-9: Building workspace] INFO  o.e.m.c.i.embedder.EclipseLogger - Copying 0 resource
2020-10-09 09:32:54,353 [Worker-9: Building workspace] INFO  o.e.m.c.i.embedder.EclipseLogger - Copying 0 resource
2020-10-09 09:32:54,355 [Worker-9: Building workspace] INFO  o.e.m.c.i.embedder.EclipseLogger - Using 'UTF-8' encoding to copy filtered resources.
2020-10-09 09:32:54,355 [Worker-9: Building workspace] INFO  o.e.m.c.i.embedder.EclipseLogger - Copying 0 resource
2020-10-09 09:33:07,222 [Worker-13: Building workspace] INFO  o.e.m.c.i.l.LifecycleMappingFactory - Using org.eclipse.m2e.jdt.JarLifecycleMapping lifecycle mapping for MavenProject: com.apress.prospring5:transactions-annotation:2.0.6.RELEASE @ C:\Spring5\chapter09\transactions-annotation\pom.xml.
2020-10-09 09:33:07,328 [Worker-13: Building workspace] INFO  o.e.m.c.i.p.WorkspaceClassifierResolverManager - Resolving P/base-dao: com.apress.prospring5:base-dao:2.0.6.RELEASE with classifier  to /base-dao/target/classes
2020-10-09 09:33:07,446 [Worker-13: Building workspace] INFO  o.e.m.c.i.embedder.EclipseLogger - Using 'UTF-8' encoding to copy filtered resources.
2020-10-09 09:33:07,446 [Worker-13: Building workspace] INFO  o.e.m.c.i.embedder.EclipseLogger - Copying 0 resource
2020-10-09 09:33:07,447 [Worker-13: Building workspace] INFO  o.e.m.c.i.embedder.EclipseLogger - Copying 0 resource
2020-10-09 09:33:07,448 [Worker-13: Building workspace] INFO  o.e.m.c.i.embedder.EclipseLogger - Using 'UTF-8' encoding to copy filtered resources.
2020-10-09 09:33:07,449 [Worker-13: Building workspace] INFO  o.e.m.c.i.embedder.EclipseLogger - Copying 0 resource
2020-10-09 09:33:08,967 [Worker-9: Building workspace] INFO  o.e.m.c.i.p.WorkspaceClassifierResolverManager - Resolving P/base-dao: com.apress.prospring5:base-dao:2.0.6.RELEASE with classifier  to /base-dao/target/classes
2020-10-09 09:33:08,987 [Worker-9: Building workspace] INFO  o.e.m.c.i.embedder.EclipseLogger - Using 'UTF-8' encoding to copy filtered resources.
2020-10-09 09:33:08,988 [Worker-9: Building workspace] INFO  o.e.m.c.i.embedder.EclipseLogger - Copying 0 resource
2020-10-09 09:33:08,989 [Worker-9: Building workspace] INFO  o.e.m.c.i.embedder.EclipseLogger - Copying 0 resource
2020-10-09 09:33:08,990 [Worker-9: Building workspace] INFO  o.e.m.c.i.embedder.EclipseLogger - Using 'UTF-8' encoding to copy filtered resources.
2020-10-09 09:33:08,990 [Worker-9: Building workspace] INFO  o.e.m.c.i.embedder.EclipseLogger - Copying 0 resource
2020-10-09 09:33:17,011 [Worker-19: Building workspace] INFO  o.e.m.c.i.embedder.EclipseLogger - Using 'UTF-8' encoding to copy filtered resources.
2020-10-09 09:33:17,012 [Worker-19: Building workspace] INFO  o.e.m.c.i.embedder.EclipseLogger - Copying 0 resource
2020-10-09 09:33:17,012 [Worker-19: Building workspace] INFO  o.e.m.c.i.embedder.EclipseLogger - Copying 0 resource
2020-10-09 09:33:17,013 [Worker-19: Building workspace] INFO  o.e.m.c.i.embedder.EclipseLogger - Using 'UTF-8' encoding to copy filtered resources.
2020-10-09 09:33:17,014 [Worker-19: Building workspace] INFO  o.e.m.c.i.embedder.EclipseLogger - Copying 0 resource
2020-10-09 09:33:24,376 [Worker-19: Building workspace] INFO  o.e.m.c.i.embedder.EclipseLogger - Using 'UTF-8' encoding to copy filtered resources.
2020-10-09 09:33:24,376 [Worker-19: Building workspace] INFO  o.e.m.c.i.embedder.EclipseLogger - Copying 0 resource
2020-10-09 09:33:24,377 [Worker-19: Building workspace] INFO  o.e.m.c.i.embedder.EclipseLogger - Copying 0 resource
2020-10-09 09:33:24,379 [Worker-19: Building workspace] INFO  o.e.m.c.i.embedder.EclipseLogger - Using 'UTF-8' encoding to copy filtered resources.
2020-10-09 09:33:24,380 [Worker-19: Building workspace] INFO  o.e.m.c.i.embedder.EclipseLogger - Copying 0 resource
2020-10-09 09:33:34,529 [Worker-19: Building workspace] INFO  o.e.m.c.i.embedder.EclipseLogger - Using 'UTF-8' encoding to copy filtered resources.
2020-10-09 09:33:34,530 [Worker-19: Building workspace] INFO  o.e.m.c.i.embedder.EclipseLogger - Copying 0 resource
2020-10-09 09:33:34,530 [Worker-19: Building workspace] INFO  o.e.m.c.i.embedder.EclipseLogger - Copying 0 resource
2020-10-09 09:33:34,532 [Worker-19: Building workspace] INFO  o.e.m.c.i.embedder.EclipseLogger - Using 'UTF-8' encoding to copy filtered resources.
2020-10-09 09:33:34,532 [Worker-19: Building workspace] INFO  o.e.m.c.i.embedder.EclipseLogger - Copying 0 resource
2020-10-09 09:33:46,083 [Worker-2: Building workspace] INFO  o.e.m.c.i.embedder.EclipseLogger - Using 'UTF-8' encoding to copy filtered resources.
2020-10-09 09:33:46,084 [Worker-2: Building workspace] INFO  o.e.m.c.i.embedder.EclipseLogger - Copying 0 resource
2020-10-09 09:33:46,085 [Worker-2: Building workspace] INFO  o.e.m.c.i.embedder.EclipseLogger - Copying 2 resources
2020-10-09 09:33:46,097 [Worker-2: Building workspace] INFO  o.e.m.c.i.embedder.EclipseLogger - Using 'UTF-8' encoding to copy filtered resources.
2020-10-09 09:33:46,097 [Worker-2: Building workspace] INFO  o.e.m.c.i.embedder.EclipseLogger - Copying 0 resource
2020-10-09 09:33:56,734 [Worker-9: Building workspace] INFO  o.e.m.c.i.embedder.EclipseLogger - Using 'UTF-8' encoding to copy filtered resources.
2020-10-09 09:33:56,734 [Worker-9: Building workspace] INFO  o.e.m.c.i.embedder.EclipseLogger - Copying 0 resource
2020-10-09 09:33:56,735 [Worker-9: Building workspace] INFO  o.e.m.c.i.embedder.EclipseLogger - Copying 0 resource
2020-10-09 09:33:56,736 [Worker-9: Building workspace] INFO  o.e.m.c.i.embedder.EclipseLogger - Using 'UTF-8' encoding to copy filtered resources.
2020-10-09 09:33:56,737 [Worker-9: Building workspace] INFO  o.e.m.c.i.embedder.EclipseLogger - Copying 0 resource
2020-10-09 09:34:02,665 [Worker-2: Building workspace] INFO  o.e.m.c.i.embedder.EclipseLogger - Using 'UTF-8' encoding to copy filtered resources.
2020-10-09 09:34:02,665 [Worker-2: Building workspace] INFO  o.e.m.c.i.embedder.EclipseLogger - Copying 0 resource
2020-10-09 09:34:02,665 [Worker-2: Building workspace] INFO  o.e.m.c.i.embedder.EclipseLogger - Copying 2 resources
2020-10-09 09:34:02,672 [Worker-2: Building workspace] INFO  o.e.m.c.i.embedder.EclipseLogger - Using 'UTF-8' encoding to copy filtered resources.
2020-10-09 09:34:02,672 [Worker-2: Building workspace] INFO  o.e.m.c.i.embedder.EclipseLogger - Copying 0 resource
2020-10-09 09:34:08,666 [Worker-12: Building workspace] INFO  o.e.m.c.i.embedder.EclipseLogger - Using 'UTF-8' encoding to copy filtered resources.
2020-10-09 09:34:08,667 [Worker-12: Building workspace] INFO  o.e.m.c.i.embedder.EclipseLogger - Copying 0 resource
2020-10-09 09:34:08,668 [Worker-12: Building workspace] INFO  o.e.m.c.i.embedder.EclipseLogger - Copying 2 resources
2020-10-09 09:34:08,669 [Worker-12: Building workspace] INFO  o.e.m.c.i.embedder.EclipseLogger - Using 'UTF-8' encoding to copy filtered resources.
2020-10-09 09:34:08,670 [Worker-12: Building workspace] INFO  o.e.m.c.i.embedder.EclipseLogger - Copying 0 resource
2020-10-09 09:34:15,888 [Worker-3: Launching TxAnnotationDemo] INFO  o.e.m.c.i.p.WorkspaceClassifierResolverManager - Resolving P/base-dao: com.apress.prospring5:base-dao:2.0.6.RELEASE with classifier null to /base-dao/target/classes
2020-10-09 09:34:15,908 [Worker-3: Launching TxAnnotationDemo] INFO  o.e.m.c.i.p.WorkspaceClassifierResolverManager - Resolving P/base-dao: com.apress.prospring5:base-dao:2.0.6.RELEASE with classifier null to /base-dao/target/classes
2020-10-09 09:50:47,652 [Worker-20: Building workspace] INFO  o.e.m.c.i.embedder.EclipseLogger - Using 'UTF-8' encoding to copy filtered resources.
2020-10-09 09:50:47,653 [Worker-20: Building workspace] INFO  o.e.m.c.i.embedder.EclipseLogger - Copying 0 resource
2020-10-09 09:50:47,654 [Worker-20: Building workspace] INFO  o.e.m.c.i.embedder.EclipseLogger - Copying 2 resources
2020-10-09 09:50:47,656 [Worker-20: Building workspace] INFO  o.e.m.c.i.embedder.EclipseLogger - Using 'UTF-8' encoding to copy filtered resources.
2020-10-09 09:50:47,657 [Worker-20: Building workspace] INFO  o.e.m.c.i.embedder.EclipseLogger - Copying 0 resource
2020-10-09 09:50:50,726 [Worker-20: Launching TxAnnotationDemo] INFO  o.e.m.c.i.p.WorkspaceClassifierResolverManager - Resolving P/base-dao: com.apress.prospring5:base-dao:2.0.6.RELEASE with classifier null to /base-dao/target/classes
2020-10-09 09:50:50,743 [Worker-20: Launching TxAnnotationDemo] INFO  o.e.m.c.i.p.WorkspaceClassifierResolverManager - Resolving P/base-dao: com.apress.prospring5:base-dao:2.0.6.RELEASE with classifier null to /base-dao/target/classes
2020-10-09 09:51:03,406 [Worker-22: Building workspace] INFO  o.e.m.c.i.embedder.EclipseLogger - Using 'UTF-8' encoding to copy filtered resources.
2020-10-09 09:51:03,407 [Worker-22: Building workspace] INFO  o.e.m.c.i.embedder.EclipseLogger - Copying 0 resource
2020-10-09 09:51:03,407 [Worker-22: Building workspace] INFO  o.e.m.c.i.embedder.EclipseLogger - Copying 2 resources
2020-10-09 09:51:03,409 [Worker-22: Building workspace] INFO  o.e.m.c.i.embedder.EclipseLogger - Using 'UTF-8' encoding to copy filtered resources.
2020-10-09 09:51:03,409 [Worker-22: Building workspace] INFO  o.e.m.c.i.embedder.EclipseLogger - Copying 0 resource
2020-10-09 09:51:05,884 [Worker-21: Launching TxAnnotationDemo] INFO  o.e.m.c.i.p.WorkspaceClassifierResolverManager - Resolving P/base-dao: com.apress.prospring5:base-dao:2.0.6.RELEASE with classifier null to /base-dao/target/classes
2020-10-09 09:51:05,903 [Worker-21: Launching TxAnnotationDemo] INFO  o.e.m.c.i.p.WorkspaceClassifierResolverManager - Resolving P/base-dao: com.apress.prospring5:base-dao:2.0.6.RELEASE with classifier null to /base-dao/target/classes
2020-10-09 09:51:58,871 [Worker-21: Building workspace] INFO  o.e.m.c.i.embedder.EclipseLogger - Using 'UTF-8' encoding to copy filtered resources.
2020-10-09 09:51:58,872 [Worker-21: Building workspace] INFO  o.e.m.c.i.embedder.EclipseLogger - Copying 0 resource
2020-10-09 09:51:58,873 [Worker-21: Building workspace] INFO  o.e.m.c.i.embedder.EclipseLogger - Copying 2 resources
2020-10-09 09:51:58,875 [Worker-21: Building workspace] INFO  o.e.m.c.i.embedder.EclipseLogger - Using 'UTF-8' encoding to copy filtered resources.
2020-10-09 09:51:58,876 [Worker-21: Building workspace] INFO  o.e.m.c.i.embedder.EclipseLogger - Copying 0 resource
2020-10-09 09:52:11,054 [Worker-22: Launching TxAnnotationDemo] INFO  o.e.m.c.i.p.WorkspaceClassifierResolverManager - Resolving P/base-dao: com.apress.prospring5:base-dao:2.0.6.RELEASE with classifier null to /base-dao/target/classes
2020-10-09 09:52:11,075 [Worker-22: Launching TxAnnotationDemo] INFO  o.e.m.c.i.p.WorkspaceClassifierResolverManager - Resolving P/base-dao: com.apress.prospring5:base-dao:2.0.6.RELEASE with classifier null to /base-dao/target/classes
2020-10-09 09:52:27,882 [Worker-21: Building workspace] INFO  o.e.m.c.i.embedder.EclipseLogger - Using 'UTF-8' encoding to copy filtered resources.
2020-10-09 09:52:27,883 [Worker-21: Building workspace] INFO  o.e.m.c.i.embedder.EclipseLogger - Copying 0 resource
2020-10-09 09:52:27,884 [Worker-21: Building workspace] INFO  o.e.m.c.i.embedder.EclipseLogger - Copying 2 resources
2020-10-09 09:52:27,886 [Worker-21: Building workspace] INFO  o.e.m.c.i.embedder.EclipseLogger - Using 'UTF-8' encoding to copy filtered resources.
2020-10-09 09:52:27,886 [Worker-21: Building workspace] INFO  o.e.m.c.i.embedder.EclipseLogger - Copying 0 resource
2020-10-09 09:52:34,821 [Worker-21: Launching TxAnnotationDemo] INFO  o.e.m.c.i.p.WorkspaceClassifierResolverManager - Resolving P/base-dao: com.apress.prospring5:base-dao:2.0.6.RELEASE with classifier null to /base-dao/target/classes
2020-10-09 09:52:34,838 [Worker-21: Launching TxAnnotationDemo] INFO  o.e.m.c.i.p.WorkspaceClassifierResolverManager - Resolving P/base-dao: com.apress.prospring5:base-dao:2.0.6.RELEASE with classifier null to /base-dao/target/classes
2020-10-09 09:54:18,245 [Worker-5: Building workspace] INFO  o.e.m.c.i.embedder.EclipseLogger - Using 'UTF-8' encoding to copy filtered resources.
2020-10-09 09:54:18,246 [Worker-5: Building workspace] INFO  o.e.m.c.i.embedder.EclipseLogger - Copying 0 resource
2020-10-09 09:54:18,247 [Worker-5: Building workspace] INFO  o.e.m.c.i.embedder.EclipseLogger - Copying 2 resources
2020-10-09 09:54:18,248 [Worker-5: Building workspace] INFO  o.e.m.c.i.embedder.EclipseLogger - Using 'UTF-8' encoding to copy filtered resources.
2020-10-09 09:54:18,248 [Worker-5: Building workspace] INFO  o.e.m.c.i.embedder.EclipseLogger - Copying 0 resource
2020-10-09 09:54:21,154 [Worker-5: Launching TxAnnotationDemo] INFO  o.e.m.c.i.p.WorkspaceClassifierResolverManager - Resolving P/base-dao: com.apress.prospring5:base-dao:2.0.6.RELEASE with classifier null to /base-dao/target/classes
2020-10-09 09:54:21,171 [Worker-5: Launching TxAnnotationDemo] INFO  o.e.m.c.i.p.WorkspaceClassifierResolverManager - Resolving P/base-dao: com.apress.prospring5:base-dao:2.0.6.RELEASE with classifier null to /base-dao/target/classes
2020-10-09 09:57:04,459 [Worker-23: Creating project "transactions-xml"] INFO  o.e.m.c.i.l.LifecycleMappingFactory - Using org.eclipse.m2e.jdt.JarLifecycleMapping lifecycle mapping for MavenProject: com.apress.prospring5:transactions-xml:2.0.6.RELEASE @ C:\Spring5\chapter09\transactions-xml\pom.xml.
2020-10-09 09:57:04,551 [Worker-23: Creating project "transactions-xml"] INFO  o.e.m.j.i.AbstractJavaProjectConfigurator - Adding source folder /transactions-xml/src/main/java
2020-10-09 09:57:04,552 [Worker-23: Creating project "transactions-xml"] INFO  o.e.m.j.i.AbstractJavaProjectConfigurator - Adding resource folder /transactions-xml/src/main/resources
2020-10-09 09:57:04,556 [Worker-23: Creating project "transactions-xml"] INFO  o.e.m.j.i.AbstractJavaProjectConfigurator - Adding resource folder /transactions-xml/src/main/resources
2020-10-09 09:57:04,561 [Worker-23: Creating project "transactions-xml"] INFO  o.e.m.j.i.AbstractJavaProjectConfigurator - Adding source folder /transactions-xml/src/test/java
2020-10-09 09:57:04,561 [Worker-23: Creating project "transactions-xml"] INFO  o.e.m.j.i.AbstractJavaProjectConfigurator - Adding resource folder /transactions-xml/src/test/resources
2020-10-09 09:57:05,630 [Worker-20: Building workspace] INFO  o.e.m.c.i.l.LifecycleMappingFactory - Using NULL lifecycle mapping for MavenProject: com.apress.prospring5:chapter09:0.0.1-SNAPSHOT @ C:\Spring5\chapter09\pom.xml.
2020-10-09 09:57:06,073 [Worker-20: Building workspace] INFO  o.e.m.c.i.l.LifecycleMappingFactory - Using org.eclipse.m2e.jdt.JarLifecycleMapping lifecycle mapping for MavenProject: com.apress.prospring5:base-dao:2.0.6.RELEASE @ C:\Spring5\chapter09\base-dao\pom.xml.
2020-10-09 09:57:06,508 [Worker-20: Building workspace] INFO  o.e.m.c.i.l.LifecycleMappingFactory - Using org.eclipse.m2e.jdt.JarLifecycleMapping lifecycle mapping for MavenProject: com.apress.prospring5:transactions-annotation:2.0.6.RELEASE @ C:\Spring5\chapter09\transactions-annotation\pom.xml.
2020-10-09 09:57:06,516 [Worker-20: Building workspace] INFO  o.e.m.c.i.p.WorkspaceClassifierResolverManager - Resolving P/base-dao: com.apress.prospring5:base-dao:2.0.6.RELEASE with classifier  to /base-dao/target/classes
2020-10-09 09:57:06,714 [Worker-20: Building workspace] INFO  o.e.m.c.i.l.LifecycleMappingFactory - Using org.eclipse.m2e.jdt.JarLifecycleMapping lifecycle mapping for MavenProject: com.apress.prospring5:transactions-xml:2.0.6.RELEASE @ C:\Spring5\chapter09\transactions-xml\pom.xml.
2020-10-09 09:57:07,278 [Worker-20: Building workspace] INFO  o.e.m.c.i.p.WorkspaceClassifierResolverManager - Resolving P/base-dao: com.apress.prospring5:base-dao:2.0.6.RELEASE with classifier  to /base-dao/target/classes
2020-10-09 09:57:07,438 [Worker-20: Building workspace] INFO  o.e.m.c.i.embedder.EclipseLogger - Using 'UTF-8' encoding to copy filtered resources.
2020-10-09 09:57:07,441 [Worker-20: Building workspace] INFO  o.e.m.c.i.embedder.EclipseLogger - Copying 0 resource
2020-10-09 09:57:07,441 [Worker-20: Building workspace] INFO  o.e.m.c.i.embedder.EclipseLogger - Copying 0 resource
2020-10-09 09:57:07,443 [Worker-20: Building workspace] INFO  o.e.m.c.i.embedder.EclipseLogger - Using 'UTF-8' encoding to copy filtered resources.
2020-10-09 09:57:07,443 [Worker-20: Building workspace] INFO  o.e.m.c.i.embedder.EclipseLogger - Copying 0 resource
2020-10-09 09:57:07,522 [Worker-20: Building workspace] INFO  o.e.m.c.i.embedder.EclipseLogger - Using 'UTF-8' encoding to copy filtered resources.
2020-10-09 09:57:07,522 [Worker-20: Building workspace] INFO  o.e.m.c.i.embedder.EclipseLogger - Copying 0 resource
2020-10-09 09:57:07,522 [Worker-20: Building workspace] INFO  o.e.m.c.i.embedder.EclipseLogger - Copying 0 resource
2020-10-09 09:57:07,524 [Worker-20: Building workspace] INFO  o.e.m.c.i.embedder.EclipseLogger - Using 'UTF-8' encoding to copy filtered resources.
2020-10-09 09:57:07,524 [Worker-20: Building workspace] INFO  o.e.m.c.i.embedder.EclipseLogger - Copying 0 resource
2020-10-09 09:57:09,076 [Worker-27: Building workspace] INFO  o.e.m.c.i.embedder.EclipseLogger - Using 'UTF-8' encoding to copy filtered resources.
2020-10-09 09:57:09,076 [Worker-27: Building workspace] INFO  o.e.m.c.i.embedder.EclipseLogger - Copying 0 resource
2020-10-09 09:57:09,076 [Worker-27: Building workspace] INFO  o.e.m.c.i.embedder.EclipseLogger - Copying 0 resource
2020-10-09 09:57:09,078 [Worker-27: Building workspace] INFO  o.e.m.c.i.embedder.EclipseLogger - Using 'UTF-8' encoding to copy filtered resources.
2020-10-09 09:57:09,078 [Worker-27: Building workspace] INFO  o.e.m.c.i.embedder.EclipseLogger - Copying 0 resource
2020-10-09 09:57:48,727 [Worker-20: Building workspace] INFO  o.e.m.c.i.embedder.EclipseLogger - Using 'UTF-8' encoding to copy filtered resources.
2020-10-09 09:57:48,727 [Worker-20: Building workspace] INFO  o.e.m.c.i.embedder.EclipseLogger - Copying 0 resource
2020-10-09 09:57:48,728 [Worker-20: Building workspace] INFO  o.e.m.c.i.embedder.EclipseLogger - Copying 0 resource
2020-10-09 09:57:48,729 [Worker-20: Building workspace] INFO  o.e.m.c.i.embedder.EclipseLogger - Using 'UTF-8' encoding to copy filtered resources.
2020-10-09 09:57:48,729 [Worker-20: Building workspace] INFO  o.e.m.c.i.embedder.EclipseLogger - Copying 0 resource
2020-10-09 09:57:54,121 [Worker-26: Building workspace] INFO  o.e.m.c.i.embedder.EclipseLogger - Using 'UTF-8' encoding to copy filtered resources.
2020-10-09 09:57:54,121 [Worker-26: Building workspace] INFO  o.e.m.c.i.embedder.EclipseLogger - Copying 0 resource
2020-10-09 09:57:54,121 [Worker-26: Building workspace] INFO  o.e.m.c.i.embedder.EclipseLogger - Copying 0 resource
2020-10-09 09:57:54,123 [Worker-26: Building workspace] INFO  o.e.m.c.i.embedder.EclipseLogger - Using 'UTF-8' encoding to copy filtered resources.
2020-10-09 09:57:54,123 [Worker-26: Building workspace] INFO  o.e.m.c.i.embedder.EclipseLogger - Copying 0 resource
2020-10-09 09:58:01,125 [Worker-28: Building workspace] INFO  o.e.m.c.i.embedder.EclipseLogger - Using 'UTF-8' encoding to copy filtered resources.
2020-10-09 09:58:01,126 [Worker-28: Building workspace] INFO  o.e.m.c.i.embedder.EclipseLogger - Copying 0 resource
2020-10-09 09:58:01,126 [Worker-28: Building workspace] INFO  o.e.m.c.i.embedder.EclipseLogger - Copying 2 resources
2020-10-09 09:58:01,141 [Worker-28: Building workspace] INFO  o.e.m.c.i.embedder.EclipseLogger - Using 'UTF-8' encoding to copy filtered resources.
2020-10-09 09:58:01,141 [Worker-28: Building workspace] INFO  o.e.m.c.i.embedder.EclipseLogger - Copying 0 resource
2020-10-09 09:58:50,599 [Worker-28: Building workspace] INFO  o.e.m.c.i.l.LifecycleMappingFactory - Using org.eclipse.m2e.jdt.JarLifecycleMapping lifecycle mapping for MavenProject: com.apress.prospring5:transactions-xml:2.0.6.RELEASE @ C:\Spring5\chapter09\transactions-xml\pom.xml.
2020-10-09 09:58:50,783 [Worker-28: Building workspace] INFO  o.e.m.c.i.p.WorkspaceClassifierResolverManager - Resolving P/base-dao: com.apress.prospring5:base-dao:2.0.6.RELEASE with classifier  to /base-dao/target/classes
2020-10-09 09:58:50,896 [Worker-28: Building workspace] INFO  o.e.m.c.i.embedder.EclipseLogger - Using 'UTF-8' encoding to copy filtered resources.
2020-10-09 09:58:50,897 [Worker-28: Building workspace] INFO  o.e.m.c.i.embedder.EclipseLogger - Copying 0 resource
2020-10-09 09:58:50,897 [Worker-28: Building workspace] INFO  o.e.m.c.i.embedder.EclipseLogger - Copying 0 resource
2020-10-09 09:58:50,898 [Worker-28: Building workspace] INFO  o.e.m.c.i.embedder.EclipseLogger - Using 'UTF-8' encoding to copy filtered resources.
2020-10-09 09:58:50,899 [Worker-28: Building workspace] INFO  o.e.m.c.i.embedder.EclipseLogger - Copying 0 resource
2020-10-09 09:58:52,540 [Worker-23: Building workspace] INFO  o.e.m.c.i.p.WorkspaceClassifierResolverManager - Resolving P/base-dao: com.apress.prospring5:base-dao:2.0.6.RELEASE with classifier  to /base-dao/target/classes
2020-10-09 09:58:52,558 [Worker-23: Building workspace] INFO  o.e.m.c.i.embedder.EclipseLogger - Using 'UTF-8' encoding to copy filtered resources.
2020-10-09 09:58:52,558 [Worker-23: Building workspace] INFO  o.e.m.c.i.embedder.EclipseLogger - Copying 0 resource
2020-10-09 09:58:52,559 [Worker-23: Building workspace] INFO  o.e.m.c.i.embedder.EclipseLogger - Copying 2 resources
2020-10-09 09:58:52,566 [Worker-23: Building workspace] INFO  o.e.m.c.i.embedder.EclipseLogger - Using 'UTF-8' encoding to copy filtered resources.
2020-10-09 09:58:52,567 [Worker-23: Building workspace] INFO  o.e.m.c.i.embedder.EclipseLogger - Copying 0 resource
2020-10-09 09:59:06,891 [Worker-22: Launching TxDeclarativeDemo] INFO  o.e.m.c.i.p.WorkspaceClassifierResolverManager - Resolving P/base-dao: com.apress.prospring5:base-dao:2.0.6.RELEASE with classifier null to /base-dao/target/classes
2020-10-09 09:59:06,910 [Worker-22: Launching TxDeclarativeDemo] INFO  o.e.m.c.i.p.WorkspaceClassifierResolverManager - Resolving P/base-dao: com.apress.prospring5:base-dao:2.0.6.RELEASE with classifier null to /base-dao/target/classes
2020-10-09 11:53:04,676 [Worker-49: Building workspace] INFO  o.e.m.c.i.embedder.EclipseLogger - Using 'UTF-8' encoding to copy filtered resources.
2020-10-09 11:53:04,677 [Worker-49: Building workspace] INFO  o.e.m.c.i.embedder.EclipseLogger - Copying 0 resource
2020-10-09 11:53:04,678 [Worker-49: Building workspace] INFO  o.e.m.c.i.embedder.EclipseLogger - Copying 2 resources
2020-10-09 11:53:04,679 [Worker-49: Building workspace] INFO  o.e.m.c.i.embedder.EclipseLogger - Using 'UTF-8' encoding to copy filtered resources.
2020-10-09 11:53:04,680 [Worker-49: Building workspace] INFO  o.e.m.c.i.embedder.EclipseLogger - Copying 0 resource
2020-10-09 11:53:09,320 [Worker-49: Launching TxAnnotationDemo] INFO  o.e.m.c.i.p.WorkspaceClassifierResolverManager - Resolving P/base-dao: com.apress.prospring5:base-dao:2.0.6.RELEASE with classifier null to /base-dao/target/classes
2020-10-09 11:53:09,337 [Worker-49: Launching TxAnnotationDemo] INFO  o.e.m.c.i.p.WorkspaceClassifierResolverManager - Resolving P/base-dao: com.apress.prospring5:base-dao:2.0.6.RELEASE with classifier null to /base-dao/target/classes
2020-10-09 12:04:05,204 [Worker-52: Building workspace] INFO  o.e.m.c.i.embedder.EclipseLogger - Using 'UTF-8' encoding to copy filtered resources.
2020-10-09 12:04:05,205 [Worker-52: Building workspace] INFO  o.e.m.c.i.embedder.EclipseLogger - Copying 0 resource
2020-10-09 12:04:05,206 [Worker-52: Building workspace] INFO  o.e.m.c.i.embedder.EclipseLogger - Copying 2 resources
2020-10-09 12:04:05,207 [Worker-52: Building workspace] INFO  o.e.m.c.i.embedder.EclipseLogger - Using 'UTF-8' encoding to copy filtered resources.
2020-10-09 12:04:05,208 [Worker-52: Building workspace] INFO  o.e.m.c.i.embedder.EclipseLogger - Copying 0 resource
2020-10-09 12:04:09,496 [Worker-54: Launching TxAnnotationDemo] INFO  o.e.m.c.i.p.WorkspaceClassifierResolverManager - Resolving P/base-dao: com.apress.prospring5:base-dao:2.0.6.RELEASE with classifier null to /base-dao/target/classes
2020-10-09 12:04:09,512 [Worker-54: Launching TxAnnotationDemo] INFO  o.e.m.c.i.p.WorkspaceClassifierResolverManager - Resolving P/base-dao: com.apress.prospring5:base-dao:2.0.6.RELEASE with classifier null to /base-dao/target/classes
2020-10-09 12:13:49,726 [Worker-53: Creating project "transactions-programmatic"] INFO  o.e.m.c.i.l.LifecycleMappingFactory - Using org.eclipse.m2e.jdt.JarLifecycleMapping lifecycle mapping for MavenProject: com.apress.prospring5:transactions-programmatic:2.0.6.RELEASE @ C:\Spring5\chapter09\transactions-programmatic\pom.xml.
2020-10-09 12:13:49,833 [Worker-53: Creating project "transactions-programmatic"] INFO  o.e.m.j.i.AbstractJavaProjectConfigurator - Adding source folder /transactions-programmatic/src/main/java
2020-10-09 12:13:49,833 [Worker-53: Creating project "transactions-programmatic"] INFO  o.e.m.j.i.AbstractJavaProjectConfigurator - Adding resource folder /transactions-programmatic/src/main/resources
2020-10-09 12:13:49,837 [Worker-53: Creating project "transactions-programmatic"] INFO  o.e.m.j.i.AbstractJavaProjectConfigurator - Adding resource folder /transactions-programmatic/src/main/resources
2020-10-09 12:13:49,841 [Worker-53: Creating project "transactions-programmatic"] INFO  o.e.m.j.i.AbstractJavaProjectConfigurator - Adding source folder /transactions-programmatic/src/test/java
2020-10-09 12:13:49,841 [Worker-53: Creating project "transactions-programmatic"] INFO  o.e.m.j.i.AbstractJavaProjectConfigurator - Adding resource folder /transactions-programmatic/src/test/resources
2020-10-09 12:13:50,310 [Worker-59: Building workspace] INFO  o.e.m.c.i.embedder.EclipseLogger - Using 'UTF-8' encoding to copy filtered resources.
2020-10-09 12:13:50,310 [Worker-59: Building workspace] INFO  o.e.m.c.i.embedder.EclipseLogger - Copying 0 resource
2020-10-09 12:13:50,311 [Worker-59: Building workspace] INFO  o.e.m.c.i.embedder.EclipseLogger - Copying 0 resource
2020-10-09 12:13:50,312 [Worker-59: Building workspace] INFO  o.e.m.c.i.embedder.EclipseLogger - Using 'UTF-8' encoding to copy filtered resources.
2020-10-09 12:13:50,312 [Worker-59: Building workspace] INFO  o.e.m.c.i.embedder.EclipseLogger - Copying 0 resource
2020-10-09 12:13:51,038 [Worker-55: Building workspace] INFO  o.e.m.c.i.l.LifecycleMappingFactory - Using NULL lifecycle mapping for MavenProject: com.apress.prospring5:chapter09:0.0.1-SNAPSHOT @ C:\Spring5\chapter09\pom.xml.
2020-10-09 12:13:51,413 [Worker-55: Building workspace] INFO  o.e.m.c.i.l.LifecycleMappingFactory - Using org.eclipse.m2e.jdt.JarLifecycleMapping lifecycle mapping for MavenProject: com.apress.prospring5:transactions-annotation:2.0.6.RELEASE @ C:\Spring5\chapter09\transactions-annotation\pom.xml.
2020-10-09 12:13:51,558 [Worker-55: Building workspace] INFO  o.e.m.c.i.p.WorkspaceClassifierResolverManager - Resolving P/base-dao: com.apress.prospring5:base-dao:2.0.6.RELEASE with classifier  to /base-dao/target/classes
2020-10-09 12:13:51,725 [Worker-55: Building workspace] INFO  o.e.m.c.i.l.LifecycleMappingFactory - Using org.eclipse.m2e.jdt.JarLifecycleMapping lifecycle mapping for MavenProject: com.apress.prospring5:base-dao:2.0.6.RELEASE @ C:\Spring5\chapter09\base-dao\pom.xml.
2020-10-09 12:13:51,913 [Worker-55: Building workspace] INFO  o.e.m.c.i.l.LifecycleMappingFactory - Using org.eclipse.m2e.jdt.JarLifecycleMapping lifecycle mapping for MavenProject: com.apress.prospring5:transactions-xml:2.0.6.RELEASE @ C:\Spring5\chapter09\transactions-xml\pom.xml.
2020-10-09 12:13:51,916 [Worker-55: Building workspace] INFO  o.e.m.c.i.p.WorkspaceClassifierResolverManager - Resolving P/base-dao: com.apress.prospring5:base-dao:2.0.6.RELEASE with classifier  to /base-dao/target/classes
2020-10-09 12:13:52,076 [Worker-55: Building workspace] INFO  o.e.m.c.i.l.LifecycleMappingFactory - Using org.eclipse.m2e.jdt.JarLifecycleMapping lifecycle mapping for MavenProject: com.apress.prospring5:transactions-programmatic:2.0.6.RELEASE @ C:\Spring5\chapter09\transactions-programmatic\pom.xml.
2020-10-09 12:13:52,626 [Worker-55: Building workspace] INFO  o.e.m.c.i.p.WorkspaceClassifierResolverManager - Resolving P/base-dao: com.apress.prospring5:base-dao:2.0.6.RELEASE with classifier  to /base-dao/target/classes
2020-10-09 12:13:52,765 [Worker-55: Building workspace] INFO  o.e.m.c.i.embedder.EclipseLogger - Using 'UTF-8' encoding to copy filtered resources.
2020-10-09 12:13:52,767 [Worker-55: Building workspace] INFO  o.e.m.c.i.embedder.EclipseLogger - Copying 0 resource
2020-10-09 12:13:52,767 [Worker-55: Building workspace] INFO  o.e.m.c.i.embedder.EclipseLogger - Copying 0 resource
2020-10-09 12:13:52,769 [Worker-55: Building workspace] INFO  o.e.m.c.i.embedder.EclipseLogger - Using 'UTF-8' encoding to copy filtered resources.
2020-10-09 12:13:52,769 [Worker-55: Building workspace] INFO  o.e.m.c.i.embedder.EclipseLogger - Copying 0 resource
2020-10-09 12:13:52,837 [Worker-55: Building workspace] INFO  o.e.m.c.i.embedder.EclipseLogger - Using 'UTF-8' encoding to copy filtered resources.
2020-10-09 12:13:52,837 [Worker-55: Building workspace] INFO  o.e.m.c.i.embedder.EclipseLogger - Copying 0 resource
2020-10-09 12:13:52,837 [Worker-55: Building workspace] INFO  o.e.m.c.i.embedder.EclipseLogger - Copying 0 resource
2020-10-09 12:13:52,838 [Worker-55: Building workspace] INFO  o.e.m.c.i.embedder.EclipseLogger - Using 'UTF-8' encoding to copy filtered resources.
2020-10-09 12:13:52,838 [Worker-55: Building workspace] INFO  o.e.m.c.i.embedder.EclipseLogger - Copying 0 resource
2020-10-09 12:13:52,990 [Worker-55: Building workspace] INFO  o.e.m.c.i.p.WorkspaceClassifierResolverManager - Resolving P/base-dao: com.apress.prospring5:base-dao:2.0.6.RELEASE with classifier  to /base-dao/target/classes
2020-10-09 12:13:53,006 [Worker-55: Building workspace] INFO  o.e.m.c.i.embedder.EclipseLogger - Using 'UTF-8' encoding to copy filtered resources.
2020-10-09 12:13:53,006 [Worker-55: Building workspace] INFO  o.e.m.c.i.embedder.EclipseLogger - Copying 0 resource
2020-10-09 12:13:53,007 [Worker-55: Building workspace] INFO  o.e.m.c.i.embedder.EclipseLogger - Copying 0 resource
2020-10-09 12:13:53,008 [Worker-55: Building workspace] INFO  o.e.m.c.i.embedder.EclipseLogger - Using 'UTF-8' encoding to copy filtered resources.
2020-10-09 12:13:53,008 [Worker-55: Building workspace] INFO  o.e.m.c.i.embedder.EclipseLogger - Copying 0 resource
2020-10-09 12:13:54,276 [Worker-59: Building workspace] INFO  o.e.m.c.i.embedder.EclipseLogger - Using 'UTF-8' encoding to copy filtered resources.
2020-10-09 12:13:54,276 [Worker-59: Building workspace] INFO  o.e.m.c.i.embedder.EclipseLogger - Copying 0 resource
2020-10-09 12:13:54,276 [Worker-59: Building workspace] INFO  o.e.m.c.i.embedder.EclipseLogger - Copying 0 resource
2020-10-09 12:13:54,277 [Worker-59: Building workspace] INFO  o.e.m.c.i.embedder.EclipseLogger - Using 'UTF-8' encoding to copy filtered resources.
2020-10-09 12:13:54,277 [Worker-59: Building workspace] INFO  o.e.m.c.i.embedder.EclipseLogger - Copying 0 resource
2020-10-09 12:14:02,453 [Worker-57: Building workspace] INFO  o.e.m.c.i.embedder.EclipseLogger - Using 'UTF-8' encoding to copy filtered resources.
2020-10-09 12:14:02,453 [Worker-57: Building workspace] INFO  o.e.m.c.i.embedder.EclipseLogger - Copying 0 resource
2020-10-09 12:14:02,454 [Worker-57: Building workspace] INFO  o.e.m.c.i.embedder.EclipseLogger - Copying 0 resource
2020-10-09 12:14:02,454 [Worker-57: Building workspace] INFO  o.e.m.c.i.embedder.EclipseLogger - Using 'UTF-8' encoding to copy filtered resources.
2020-10-09 12:14:02,455 [Worker-57: Building workspace] INFO  o.e.m.c.i.embedder.EclipseLogger - Copying 0 resource
2020-10-09 12:14:14,480 [Worker-60: Building workspace] INFO  o.e.m.c.i.embedder.EclipseLogger - Using 'UTF-8' encoding to copy filtered resources.
2020-10-09 12:14:14,481 [Worker-60: Building workspace] INFO  o.e.m.c.i.embedder.EclipseLogger - Copying 0 resource
2020-10-09 12:14:14,481 [Worker-60: Building workspace] INFO  o.e.m.c.i.embedder.EclipseLogger - Copying 0 resource
2020-10-09 12:14:14,482 [Worker-60: Building workspace] INFO  o.e.m.c.i.embedder.EclipseLogger - Using 'UTF-8' encoding to copy filtered resources.
2020-10-09 12:14:14,482 [Worker-60: Building workspace] INFO  o.e.m.c.i.embedder.EclipseLogger - Copying 0 resource
2020-10-09 12:14:58,726 [Worker-60: Building workspace] INFO  o.e.m.c.i.l.LifecycleMappingFactory - Using org.eclipse.m2e.jdt.JarLifecycleMapping lifecycle mapping for MavenProject: com.apress.prospring5:transactions-programmatic:2.0.6.RELEASE @ C:\Spring5\chapter09\transactions-programmatic\pom.xml.
2020-10-09 12:14:58,861 [Worker-60: Building workspace] INFO  o.e.m.c.i.p.WorkspaceClassifierResolverManager - Resolving P/base-dao: com.apress.prospring5:base-dao:2.0.6.RELEASE with classifier  to /base-dao/target/classes
2020-10-09 12:14:58,965 [Worker-60: Building workspace] INFO  o.e.m.c.i.embedder.EclipseLogger - Using 'UTF-8' encoding to copy filtered resources.
2020-10-09 12:14:58,965 [Worker-60: Building workspace] INFO  o.e.m.c.i.embedder.EclipseLogger - Copying 0 resource
2020-10-09 12:14:58,965 [Worker-60: Building workspace] INFO  o.e.m.c.i.embedder.EclipseLogger - Copying 0 resource
2020-10-09 12:14:58,966 [Worker-60: Building workspace] INFO  o.e.m.c.i.embedder.EclipseLogger - Using 'UTF-8' encoding to copy filtered resources.
2020-10-09 12:14:58,966 [Worker-60: Building workspace] INFO  o.e.m.c.i.embedder.EclipseLogger - Copying 0 resource
2020-10-09 12:15:00,561 [Worker-57: Building workspace] INFO  o.e.m.c.i.p.WorkspaceClassifierResolverManager - Resolving P/base-dao: com.apress.prospring5:base-dao:2.0.6.RELEASE with classifier  to /base-dao/target/classes
2020-10-09 12:15:00,579 [Worker-57: Building workspace] INFO  o.e.m.c.i.embedder.EclipseLogger - Using 'UTF-8' encoding to copy filtered resources.
2020-10-09 12:15:00,579 [Worker-57: Building workspace] INFO  o.e.m.c.i.embedder.EclipseLogger - Copying 0 resource
2020-10-09 12:15:00,580 [Worker-57: Building workspace] INFO  o.e.m.c.i.embedder.EclipseLogger - Copying 0 resource
2020-10-09 12:15:00,582 [Worker-57: Building workspace] INFO  o.e.m.c.i.embedder.EclipseLogger - Using 'UTF-8' encoding to copy filtered resources.
2020-10-09 12:15:00,582 [Worker-57: Building workspace] INFO  o.e.m.c.i.embedder.EclipseLogger - Copying 0 resource
2020-10-09 12:15:06,146 [Worker-55: Building workspace] INFO  o.e.m.c.i.embedder.EclipseLogger - Using 'UTF-8' encoding to copy filtered resources.
2020-10-09 12:15:06,146 [Worker-55: Building workspace] INFO  o.e.m.c.i.embedder.EclipseLogger - Copying 0 resource
2020-10-09 12:15:06,147 [Worker-55: Building workspace] INFO  o.e.m.c.i.embedder.EclipseLogger - Copying 0 resource
2020-10-09 12:15:06,148 [Worker-55: Building workspace] INFO  o.e.m.c.i.embedder.EclipseLogger - Using 'UTF-8' encoding to copy filtered resources.
2020-10-09 12:15:06,148 [Worker-55: Building workspace] INFO  o.e.m.c.i.embedder.EclipseLogger - Copying 0 resource
2020-10-09 12:15:30,027 [Worker-61: Building workspace] INFO  o.e.m.c.i.embedder.EclipseLogger - Using 'UTF-8' encoding to copy filtered resources.
2020-10-09 12:15:30,027 [Worker-61: Building workspace] INFO  o.e.m.c.i.embedder.EclipseLogger - Copying 0 resource
2020-10-09 12:15:30,027 [Worker-61: Building workspace] INFO  o.e.m.c.i.embedder.EclipseLogger - Copying 2 resources
2020-10-09 12:15:30,040 [Worker-61: Building workspace] INFO  o.e.m.c.i.embedder.EclipseLogger - Using 'UTF-8' encoding to copy filtered resources.
2020-10-09 12:15:30,040 [Worker-61: Building workspace] INFO  o.e.m.c.i.embedder.EclipseLogger - Copying 0 resource
2020-10-09 12:16:10,805 [Worker-57: Launching TxProgrammaticDemo] INFO  o.e.m.c.i.p.WorkspaceClassifierResolverManager - Resolving P/base-dao: com.apress.prospring5:base-dao:2.0.6.RELEASE with classifier null to /base-dao/target/classes
2020-10-09 12:16:10,823 [Worker-57: Launching TxProgrammaticDemo] INFO  o.e.m.c.i.p.WorkspaceClassifierResolverManager - Resolving P/base-dao: com.apress.prospring5:base-dao:2.0.6.RELEASE with classifier null to /base-dao/target/classes
